<?xml version="1.0" encoding="UTF-8"?>
<testsuite xmlns:xsi="http://www.w3.org/2001/XMLSchema-instance" xsi:noNamespaceSchemaLocation="https://maven.apache.org/surefire/maven-surefire-plugin/xsd/surefire-test-report-3.0.xsd" version="3.0" name="com.sc.crmate.samlauth.SamlauthApplicationTest" time="5.91" tests="1" errors="0" skipped="0" failures="0">
  <properties>
    <property name="java.specification.version" value="17"/>
    <property name="sun.cpu.isalist" value="amd64"/>
    <property name="sun.jnu.encoding" value="Cp1252"/>
    <property name="java.class.path" value="D:\work\security-projects-okta\target\test-classes;D:\work\security-projects-okta\target\classes;C:\Users\Amit Mahajan\.m2\repository\org\springframework\boot\spring-boot-starter-security\3.1.5\spring-boot-starter-security-3.1.5.jar;C:\Users\Amit Mahajan\.m2\repository\org\springframework\boot\spring-boot-starter\3.1.5\spring-boot-starter-3.1.5.jar;C:\Users\Amit Mahajan\.m2\repository\org\springframework\boot\spring-boot\3.1.5\spring-boot-3.1.5.jar;C:\Users\Amit Mahajan\.m2\repository\org\springframework\boot\spring-boot-autoconfigure\3.1.5\spring-boot-autoconfigure-3.1.5.jar;C:\Users\Amit Mahajan\.m2\repository\org\springframework\boot\spring-boot-starter-logging\3.1.5\spring-boot-starter-logging-3.1.5.jar;C:\Users\Amit Mahajan\.m2\repository\ch\qos\logback\logback-classic\1.4.11\logback-classic-1.4.11.jar;C:\Users\Amit Mahajan\.m2\repository\ch\qos\logback\logback-core\1.4.11\logback-core-1.4.11.jar;C:\Users\Amit Mahajan\.m2\repository\org\apache\logging\log4j\log4j-to-slf4j\2.20.0\log4j-to-slf4j-2.20.0.jar;C:\Users\Amit Mahajan\.m2\repository\org\apache\logging\log4j\log4j-api\2.20.0\log4j-api-2.20.0.jar;C:\Users\Amit Mahajan\.m2\repository\org\slf4j\jul-to-slf4j\2.0.9\jul-to-slf4j-2.0.9.jar;C:\Users\Amit Mahajan\.m2\repository\jakarta\annotation\jakarta.annotation-api\2.1.1\jakarta.annotation-api-2.1.1.jar;C:\Users\Amit Mahajan\.m2\repository\org\yaml\snakeyaml\1.33\snakeyaml-1.33.jar;C:\Users\Amit Mahajan\.m2\repository\org\springframework\spring-aop\6.0.13\spring-aop-6.0.13.jar;C:\Users\Amit Mahajan\.m2\repository\org\springframework\spring-beans\6.0.13\spring-beans-6.0.13.jar;C:\Users\Amit Mahajan\.m2\repository\org\springframework\security\spring-security-config\6.1.5\spring-security-config-6.1.5.jar;C:\Users\Amit Mahajan\.m2\repository\org\springframework\spring-context\6.0.13\spring-context-6.0.13.jar;C:\Users\Amit Mahajan\.m2\repository\org\springframework\security\spring-security-web\6.1.5\spring-security-web-6.1.5.jar;C:\Users\Amit Mahajan\.m2\repository\org\springframework\spring-expression\6.0.13\spring-expression-6.0.13.jar;C:\Users\Amit Mahajan\.m2\repository\org\springframework\boot\spring-boot-starter-thymeleaf\3.1.5\spring-boot-starter-thymeleaf-3.1.5.jar;C:\Users\Amit Mahajan\.m2\repository\org\thymeleaf\thymeleaf-spring6\3.1.2.RELEASE\thymeleaf-spring6-3.1.2.RELEASE.jar;C:\Users\Amit Mahajan\.m2\repository\org\thymeleaf\thymeleaf\3.1.2.RELEASE\thymeleaf-3.1.2.RELEASE.jar;C:\Users\Amit Mahajan\.m2\repository\org\attoparser\attoparser\2.0.7.RELEASE\attoparser-2.0.7.RELEASE.jar;C:\Users\Amit Mahajan\.m2\repository\org\unbescape\unbescape\1.1.6.RELEASE\unbescape-1.1.6.RELEASE.jar;C:\Users\Amit Mahajan\.m2\repository\org\springframework\security\spring-security-saml2-service-provider\6.1.5\spring-security-saml2-service-provider-6.1.5.jar;C:\Users\Amit Mahajan\.m2\repository\org\thymeleaf\extras\thymeleaf-extras-springsecurity6\3.1.2.RELEASE\thymeleaf-extras-springsecurity6-3.1.2.RELEASE.jar;C:\Users\Amit Mahajan\.m2\repository\org\slf4j\slf4j-api\2.0.9\slf4j-api-2.0.9.jar;C:\Users\Amit Mahajan\.m2\repository\org\springframework\boot\spring-boot-starter-web\3.1.5\spring-boot-starter-web-3.1.5.jar;C:\Users\Amit Mahajan\.m2\repository\org\springframework\boot\spring-boot-starter-json\3.1.5\spring-boot-starter-json-3.1.5.jar;C:\Users\Amit Mahajan\.m2\repository\com\fasterxml\jackson\core\jackson-databind\2.15.3\jackson-databind-2.15.3.jar;C:\Users\Amit Mahajan\.m2\repository\com\fasterxml\jackson\core\jackson-annotations\2.15.3\jackson-annotations-2.15.3.jar;C:\Users\Amit Mahajan\.m2\repository\com\fasterxml\jackson\core\jackson-core\2.15.3\jackson-core-2.15.3.jar;C:\Users\Amit Mahajan\.m2\repository\com\fasterxml\jackson\datatype\jackson-datatype-jdk8\2.15.3\jackson-datatype-jdk8-2.15.3.jar;C:\Users\Amit Mahajan\.m2\repository\com\fasterxml\jackson\datatype\jackson-datatype-jsr310\2.15.3\jackson-datatype-jsr310-2.15.3.jar;C:\Users\Amit Mahajan\.m2\repository\com\fasterxml\jackson\module\jackson-module-parameter-names\2.15.3\jackson-module-parameter-names-2.15.3.jar;C:\Users\Amit Mahajan\.m2\repository\org\springframework\boot\spring-boot-starter-tomcat\3.1.5\spring-boot-starter-tomcat-3.1.5.jar;C:\Users\Amit Mahajan\.m2\repository\org\apache\tomcat\embed\tomcat-embed-core\10.1.15\tomcat-embed-core-10.1.15.jar;C:\Users\Amit Mahajan\.m2\repository\org\apache\tomcat\embed\tomcat-embed-el\10.1.15\tomcat-embed-el-10.1.15.jar;C:\Users\Amit Mahajan\.m2\repository\org\apache\tomcat\embed\tomcat-embed-websocket\10.1.15\tomcat-embed-websocket-10.1.15.jar;C:\Users\Amit Mahajan\.m2\repository\org\springframework\spring-web\6.0.13\spring-web-6.0.13.jar;C:\Users\Amit Mahajan\.m2\repository\io\micrometer\micrometer-observation\1.11.5\micrometer-observation-1.11.5.jar;C:\Users\Amit Mahajan\.m2\repository\io\micrometer\micrometer-commons\1.11.5\micrometer-commons-1.11.5.jar;C:\Users\Amit Mahajan\.m2\repository\org\springframework\spring-webmvc\6.0.13\spring-webmvc-6.0.13.jar;C:\Users\Amit Mahajan\.m2\repository\org\opensaml\opensaml-core\4.1.1\opensaml-core-4.1.1.jar;C:\Users\Amit Mahajan\.m2\repository\commons-codec\commons-codec\1.15\commons-codec-1.15.jar;C:\Users\Amit Mahajan\.m2\repository\com\google\code\findbugs\jsr305\3.0.2\jsr305-3.0.2.jar;C:\Users\Amit Mahajan\.m2\repository\com\google\guava\guava\30.1.1-jre\guava-30.1.1-jre.jar;C:\Users\Amit Mahajan\.m2\repository\com\google\guava\failureaccess\1.0.1\failureaccess-1.0.1.jar;C:\Users\Amit Mahajan\.m2\repository\com\google\guava\listenablefuture\9999.0-empty-to-avoid-conflict-with-guava\listenablefuture-9999.0-empty-to-avoid-conflict-with-guava.jar;C:\Users\Amit Mahajan\.m2\repository\org\checkerframework\checker-qual\3.8.0\checker-qual-3.8.0.jar;C:\Users\Amit Mahajan\.m2\repository\com\google\errorprone\error_prone_annotations\2.5.1\error_prone_annotations-2.5.1.jar;C:\Users\Amit Mahajan\.m2\repository\com\google\j2objc\j2objc-annotations\1.3\j2objc-annotations-1.3.jar;C:\Users\Amit Mahajan\.m2\repository\io\dropwizard\metrics\metrics-core\4.2.21\metrics-core-4.2.21.jar;C:\Users\Amit Mahajan\.m2\repository\net\shibboleth\utilities\java-support\8.2.1\java-support-8.2.1.jar;C:\Users\Amit Mahajan\.m2\repository\org\opensaml\opensaml-saml-api\4.1.1\opensaml-saml-api-4.1.1.jar;C:\Users\Amit Mahajan\.m2\repository\org\opensaml\opensaml-messaging-api\4.1.1\opensaml-messaging-api-4.1.1.jar;C:\Users\Amit Mahajan\.m2\repository\org\opensaml\opensaml-profile-api\4.1.1\opensaml-profile-api-4.1.1.jar;C:\Users\Amit Mahajan\.m2\repository\org\opensaml\opensaml-security-api\4.1.1\opensaml-security-api-4.1.1.jar;C:\Users\Amit Mahajan\.m2\repository\org\cryptacular\cryptacular\1.2.4\cryptacular-1.2.4.jar;C:\Users\Amit Mahajan\.m2\repository\org\bouncycastle\bcprov-jdk15on\1.68\bcprov-jdk15on-1.68.jar;C:\Users\Amit Mahajan\.m2\repository\org\bouncycastle\bcpkix-jdk15on\1.68\bcpkix-jdk15on-1.68.jar;C:\Users\Amit Mahajan\.m2\repository\org\opensaml\opensaml-soap-api\4.1.1\opensaml-soap-api-4.1.1.jar;C:\Users\Amit Mahajan\.m2\repository\org\opensaml\opensaml-xmlsec-api\4.1.1\opensaml-xmlsec-api-4.1.1.jar;C:\Users\Amit Mahajan\.m2\repository\org\apache\santuario\xmlsec\2.1.6\xmlsec-2.1.6.jar;C:\Users\Amit Mahajan\.m2\repository\com\fasterxml\woodstox\woodstox-core\5.0.3\woodstox-core-5.0.3.jar;C:\Users\Amit Mahajan\.m2\repository\org\codehaus\woodstox\stax2-api\3.1.4\stax2-api-3.1.4.jar;C:\Users\Amit Mahajan\.m2\repository\org\glassfish\jaxb\jaxb-runtime\4.0.3\jaxb-runtime-4.0.3.jar;C:\Users\Amit Mahajan\.m2\repository\org\glassfish\jaxb\jaxb-core\4.0.3\jaxb-core-4.0.3.jar;C:\Users\Amit Mahajan\.m2\repository\org\eclipse\angus\angus-activation\2.0.1\angus-activation-2.0.1.jar;C:\Users\Amit Mahajan\.m2\repository\org\glassfish\jaxb\txw2\4.0.3\txw2-4.0.3.jar;C:\Users\Amit Mahajan\.m2\repository\com\sun\istack\istack-commons-runtime\4.1.2\istack-commons-runtime-4.1.2.jar;C:\Users\Amit Mahajan\.m2\repository\org\opensaml\opensaml-saml-impl\4.1.1\opensaml-saml-impl-4.1.1.jar;C:\Users\Amit Mahajan\.m2\repository\org\opensaml\opensaml-security-impl\4.1.1\opensaml-security-impl-4.1.1.jar;C:\Users\Amit Mahajan\.m2\repository\org\opensaml\opensaml-soap-impl\4.1.1\opensaml-soap-impl-4.1.1.jar;C:\Users\Amit Mahajan\.m2\repository\org\opensaml\opensaml-storage-api\4.1.1\opensaml-storage-api-4.1.1.jar;C:\Users\Amit Mahajan\.m2\repository\org\opensaml\opensaml-xmlsec-impl\4.1.1\opensaml-xmlsec-impl-4.1.1.jar;C:\Users\Amit Mahajan\.m2\repository\org\apache\velocity\velocity-engine-core\2.3\velocity-engine-core-2.3.jar;C:\Users\Amit Mahajan\.m2\repository\org\apache\commons\commons-lang3\3.12.0\commons-lang3-3.12.0.jar;C:\Users\Amit Mahajan\.m2\repository\org\apache\httpcomponents\httpclient\4.5.13\httpclient-4.5.13.jar;C:\Users\Amit Mahajan\.m2\repository\org\apache\httpcomponents\httpcore\4.4.16\httpcore-4.4.16.jar;C:\Users\Amit Mahajan\.m2\repository\org\springframework\boot\spring-boot-starter-test\3.1.5\spring-boot-starter-test-3.1.5.jar;C:\Users\Amit Mahajan\.m2\repository\org\springframework\boot\spring-boot-test\3.1.5\spring-boot-test-3.1.5.jar;C:\Users\Amit Mahajan\.m2\repository\org\springframework\boot\spring-boot-test-autoconfigure\3.1.5\spring-boot-test-autoconfigure-3.1.5.jar;C:\Users\Amit Mahajan\.m2\repository\com\jayway\jsonpath\json-path\2.8.0\json-path-2.8.0.jar;C:\Users\Amit Mahajan\.m2\repository\jakarta\xml\bind\jakarta.xml.bind-api\4.0.1\jakarta.xml.bind-api-4.0.1.jar;C:\Users\Amit Mahajan\.m2\repository\jakarta\activation\jakarta.activation-api\2.1.2\jakarta.activation-api-2.1.2.jar;C:\Users\Amit Mahajan\.m2\repository\net\minidev\json-smart\2.4.11\json-smart-2.4.11.jar;C:\Users\Amit Mahajan\.m2\repository\net\minidev\accessors-smart\2.4.11\accessors-smart-2.4.11.jar;C:\Users\Amit Mahajan\.m2\repository\org\ow2\asm\asm\9.3\asm-9.3.jar;C:\Users\Amit Mahajan\.m2\repository\org\assertj\assertj-core\3.24.2\assertj-core-3.24.2.jar;C:\Users\Amit Mahajan\.m2\repository\net\bytebuddy\byte-buddy\1.14.9\byte-buddy-1.14.9.jar;C:\Users\Amit Mahajan\.m2\repository\org\hamcrest\hamcrest\2.2\hamcrest-2.2.jar;C:\Users\Amit Mahajan\.m2\repository\org\junit\jupiter\junit-jupiter\5.9.3\junit-jupiter-5.9.3.jar;C:\Users\Amit Mahajan\.m2\repository\org\junit\jupiter\junit-jupiter-api\5.9.3\junit-jupiter-api-5.9.3.jar;C:\Users\Amit Mahajan\.m2\repository\org\opentest4j\opentest4j\1.2.0\opentest4j-1.2.0.jar;C:\Users\Amit Mahajan\.m2\repository\org\junit\platform\junit-platform-commons\1.9.3\junit-platform-commons-1.9.3.jar;C:\Users\Amit Mahajan\.m2\repository\org\apiguardian\apiguardian-api\1.1.2\apiguardian-api-1.1.2.jar;C:\Users\Amit Mahajan\.m2\repository\org\junit\jupiter\junit-jupiter-params\5.9.3\junit-jupiter-params-5.9.3.jar;C:\Users\Amit Mahajan\.m2\repository\org\junit\jupiter\junit-jupiter-engine\5.9.3\junit-jupiter-engine-5.9.3.jar;C:\Users\Amit Mahajan\.m2\repository\org\junit\platform\junit-platform-engine\1.9.3\junit-platform-engine-1.9.3.jar;C:\Users\Amit Mahajan\.m2\repository\org\mockito\mockito-core\5.3.1\mockito-core-5.3.1.jar;C:\Users\Amit Mahajan\.m2\repository\net\bytebuddy\byte-buddy-agent\1.14.9\byte-buddy-agent-1.14.9.jar;C:\Users\Amit Mahajan\.m2\repository\org\objenesis\objenesis\3.3\objenesis-3.3.jar;C:\Users\Amit Mahajan\.m2\repository\org\mockito\mockito-junit-jupiter\5.3.1\mockito-junit-jupiter-5.3.1.jar;C:\Users\Amit Mahajan\.m2\repository\org\skyscreamer\jsonassert\1.5.1\jsonassert-1.5.1.jar;C:\Users\Amit Mahajan\.m2\repository\com\vaadin\external\google\android-json\0.0.20131108.vaadin1\android-json-0.0.20131108.vaadin1.jar;C:\Users\Amit Mahajan\.m2\repository\org\springframework\spring-core\6.0.13\spring-core-6.0.13.jar;C:\Users\Amit Mahajan\.m2\repository\org\springframework\spring-jcl\6.0.13\spring-jcl-6.0.13.jar;C:\Users\Amit Mahajan\.m2\repository\org\springframework\spring-test\6.0.13\spring-test-6.0.13.jar;C:\Users\Amit Mahajan\.m2\repository\org\xmlunit\xmlunit-core\2.9.1\xmlunit-core-2.9.1.jar;C:\Users\Amit Mahajan\.m2\repository\org\springframework\security\spring-security-test\6.1.5\spring-security-test-6.1.5.jar;C:\Users\Amit Mahajan\.m2\repository\org\springframework\security\spring-security-core\6.1.5\spring-security-core-6.1.5.jar;C:\Users\Amit Mahajan\.m2\repository\org\springframework\security\spring-security-crypto\6.1.5\spring-security-crypto-6.1.5.jar;"/>
    <property name="java.vm.vendor" value="Oracle Corporation"/>
    <property name="sun.arch.data.model" value="64"/>
    <property name="user.variant" value=""/>
    <property name="java.vendor.url" value="https://java.oracle.com/"/>
    <property name="user.timezone" value="Asia/Calcutta"/>
    <property name="os.name" value="Windows 11"/>
    <property name="java.vm.specification.version" value="17"/>
    <property name="sun.java.launcher" value="SUN_STANDARD"/>
    <property name="user.country" value="US"/>
    <property name="sun.boot.library.path" value="D:\work\java\jdk17\bin"/>
    <property name="sun.java.command" value="C:\Users\Amit Mahajan\AppData\Local\Temp\surefire8020712372431737517\surefirebooter-20240220110823052_3.jar C:\Users\Amit Mahajan\AppData\Local\Temp\surefire8020712372431737517 2024-02-20T11-08-22_955-jvmRun1 surefire-20240220110823052_1tmp surefire_0-20240220110823052_2tmp"/>
    <property name="jdk.debug" value="release"/>
    <property name="surefire.test.class.path" value="D:\work\security-projects-okta\target\test-classes;D:\work\security-projects-okta\target\classes;C:\Users\Amit Mahajan\.m2\repository\org\springframework\boot\spring-boot-starter-security\3.1.5\spring-boot-starter-security-3.1.5.jar;C:\Users\Amit Mahajan\.m2\repository\org\springframework\boot\spring-boot-starter\3.1.5\spring-boot-starter-3.1.5.jar;C:\Users\Amit Mahajan\.m2\repository\org\springframework\boot\spring-boot\3.1.5\spring-boot-3.1.5.jar;C:\Users\Amit Mahajan\.m2\repository\org\springframework\boot\spring-boot-autoconfigure\3.1.5\spring-boot-autoconfigure-3.1.5.jar;C:\Users\Amit Mahajan\.m2\repository\org\springframework\boot\spring-boot-starter-logging\3.1.5\spring-boot-starter-logging-3.1.5.jar;C:\Users\Amit Mahajan\.m2\repository\ch\qos\logback\logback-classic\1.4.11\logback-classic-1.4.11.jar;C:\Users\Amit Mahajan\.m2\repository\ch\qos\logback\logback-core\1.4.11\logback-core-1.4.11.jar;C:\Users\Amit Mahajan\.m2\repository\org\apache\logging\log4j\log4j-to-slf4j\2.20.0\log4j-to-slf4j-2.20.0.jar;C:\Users\Amit Mahajan\.m2\repository\org\apache\logging\log4j\log4j-api\2.20.0\log4j-api-2.20.0.jar;C:\Users\Amit Mahajan\.m2\repository\org\slf4j\jul-to-slf4j\2.0.9\jul-to-slf4j-2.0.9.jar;C:\Users\Amit Mahajan\.m2\repository\jakarta\annotation\jakarta.annotation-api\2.1.1\jakarta.annotation-api-2.1.1.jar;C:\Users\Amit Mahajan\.m2\repository\org\yaml\snakeyaml\1.33\snakeyaml-1.33.jar;C:\Users\Amit Mahajan\.m2\repository\org\springframework\spring-aop\6.0.13\spring-aop-6.0.13.jar;C:\Users\Amit Mahajan\.m2\repository\org\springframework\spring-beans\6.0.13\spring-beans-6.0.13.jar;C:\Users\Amit Mahajan\.m2\repository\org\springframework\security\spring-security-config\6.1.5\spring-security-config-6.1.5.jar;C:\Users\Amit Mahajan\.m2\repository\org\springframework\spring-context\6.0.13\spring-context-6.0.13.jar;C:\Users\Amit Mahajan\.m2\repository\org\springframework\security\spring-security-web\6.1.5\spring-security-web-6.1.5.jar;C:\Users\Amit Mahajan\.m2\repository\org\springframework\spring-expression\6.0.13\spring-expression-6.0.13.jar;C:\Users\Amit Mahajan\.m2\repository\org\springframework\boot\spring-boot-starter-thymeleaf\3.1.5\spring-boot-starter-thymeleaf-3.1.5.jar;C:\Users\Amit Mahajan\.m2\repository\org\thymeleaf\thymeleaf-spring6\3.1.2.RELEASE\thymeleaf-spring6-3.1.2.RELEASE.jar;C:\Users\Amit Mahajan\.m2\repository\org\thymeleaf\thymeleaf\3.1.2.RELEASE\thymeleaf-3.1.2.RELEASE.jar;C:\Users\Amit Mahajan\.m2\repository\org\attoparser\attoparser\2.0.7.RELEASE\attoparser-2.0.7.RELEASE.jar;C:\Users\Amit Mahajan\.m2\repository\org\unbescape\unbescape\1.1.6.RELEASE\unbescape-1.1.6.RELEASE.jar;C:\Users\Amit Mahajan\.m2\repository\org\springframework\security\spring-security-saml2-service-provider\6.1.5\spring-security-saml2-service-provider-6.1.5.jar;C:\Users\Amit Mahajan\.m2\repository\org\thymeleaf\extras\thymeleaf-extras-springsecurity6\3.1.2.RELEASE\thymeleaf-extras-springsecurity6-3.1.2.RELEASE.jar;C:\Users\Amit Mahajan\.m2\repository\org\slf4j\slf4j-api\2.0.9\slf4j-api-2.0.9.jar;C:\Users\Amit Mahajan\.m2\repository\org\springframework\boot\spring-boot-starter-web\3.1.5\spring-boot-starter-web-3.1.5.jar;C:\Users\Amit Mahajan\.m2\repository\org\springframework\boot\spring-boot-starter-json\3.1.5\spring-boot-starter-json-3.1.5.jar;C:\Users\Amit Mahajan\.m2\repository\com\fasterxml\jackson\core\jackson-databind\2.15.3\jackson-databind-2.15.3.jar;C:\Users\Amit Mahajan\.m2\repository\com\fasterxml\jackson\core\jackson-annotations\2.15.3\jackson-annotations-2.15.3.jar;C:\Users\Amit Mahajan\.m2\repository\com\fasterxml\jackson\core\jackson-core\2.15.3\jackson-core-2.15.3.jar;C:\Users\Amit Mahajan\.m2\repository\com\fasterxml\jackson\datatype\jackson-datatype-jdk8\2.15.3\jackson-datatype-jdk8-2.15.3.jar;C:\Users\Amit Mahajan\.m2\repository\com\fasterxml\jackson\datatype\jackson-datatype-jsr310\2.15.3\jackson-datatype-jsr310-2.15.3.jar;C:\Users\Amit Mahajan\.m2\repository\com\fasterxml\jackson\module\jackson-module-parameter-names\2.15.3\jackson-module-parameter-names-2.15.3.jar;C:\Users\Amit Mahajan\.m2\repository\org\springframework\boot\spring-boot-starter-tomcat\3.1.5\spring-boot-starter-tomcat-3.1.5.jar;C:\Users\Amit Mahajan\.m2\repository\org\apache\tomcat\embed\tomcat-embed-core\10.1.15\tomcat-embed-core-10.1.15.jar;C:\Users\Amit Mahajan\.m2\repository\org\apache\tomcat\embed\tomcat-embed-el\10.1.15\tomcat-embed-el-10.1.15.jar;C:\Users\Amit Mahajan\.m2\repository\org\apache\tomcat\embed\tomcat-embed-websocket\10.1.15\tomcat-embed-websocket-10.1.15.jar;C:\Users\Amit Mahajan\.m2\repository\org\springframework\spring-web\6.0.13\spring-web-6.0.13.jar;C:\Users\Amit Mahajan\.m2\repository\io\micrometer\micrometer-observation\1.11.5\micrometer-observation-1.11.5.jar;C:\Users\Amit Mahajan\.m2\repository\io\micrometer\micrometer-commons\1.11.5\micrometer-commons-1.11.5.jar;C:\Users\Amit Mahajan\.m2\repository\org\springframework\spring-webmvc\6.0.13\spring-webmvc-6.0.13.jar;C:\Users\Amit Mahajan\.m2\repository\org\opensaml\opensaml-core\4.1.1\opensaml-core-4.1.1.jar;C:\Users\Amit Mahajan\.m2\repository\commons-codec\commons-codec\1.15\commons-codec-1.15.jar;C:\Users\Amit Mahajan\.m2\repository\com\google\code\findbugs\jsr305\3.0.2\jsr305-3.0.2.jar;C:\Users\Amit Mahajan\.m2\repository\com\google\guava\guava\30.1.1-jre\guava-30.1.1-jre.jar;C:\Users\Amit Mahajan\.m2\repository\com\google\guava\failureaccess\1.0.1\failureaccess-1.0.1.jar;C:\Users\Amit Mahajan\.m2\repository\com\google\guava\listenablefuture\9999.0-empty-to-avoid-conflict-with-guava\listenablefuture-9999.0-empty-to-avoid-conflict-with-guava.jar;C:\Users\Amit Mahajan\.m2\repository\org\checkerframework\checker-qual\3.8.0\checker-qual-3.8.0.jar;C:\Users\Amit Mahajan\.m2\repository\com\google\errorprone\error_prone_annotations\2.5.1\error_prone_annotations-2.5.1.jar;C:\Users\Amit Mahajan\.m2\repository\com\google\j2objc\j2objc-annotations\1.3\j2objc-annotations-1.3.jar;C:\Users\Amit Mahajan\.m2\repository\io\dropwizard\metrics\metrics-core\4.2.21\metrics-core-4.2.21.jar;C:\Users\Amit Mahajan\.m2\repository\net\shibboleth\utilities\java-support\8.2.1\java-support-8.2.1.jar;C:\Users\Amit Mahajan\.m2\repository\org\opensaml\opensaml-saml-api\4.1.1\opensaml-saml-api-4.1.1.jar;C:\Users\Amit Mahajan\.m2\repository\org\opensaml\opensaml-messaging-api\4.1.1\opensaml-messaging-api-4.1.1.jar;C:\Users\Amit Mahajan\.m2\repository\org\opensaml\opensaml-profile-api\4.1.1\opensaml-profile-api-4.1.1.jar;C:\Users\Amit Mahajan\.m2\repository\org\opensaml\opensaml-security-api\4.1.1\opensaml-security-api-4.1.1.jar;C:\Users\Amit Mahajan\.m2\repository\org\cryptacular\cryptacular\1.2.4\cryptacular-1.2.4.jar;C:\Users\Amit Mahajan\.m2\repository\org\bouncycastle\bcprov-jdk15on\1.68\bcprov-jdk15on-1.68.jar;C:\Users\Amit Mahajan\.m2\repository\org\bouncycastle\bcpkix-jdk15on\1.68\bcpkix-jdk15on-1.68.jar;C:\Users\Amit Mahajan\.m2\repository\org\opensaml\opensaml-soap-api\4.1.1\opensaml-soap-api-4.1.1.jar;C:\Users\Amit Mahajan\.m2\repository\org\opensaml\opensaml-xmlsec-api\4.1.1\opensaml-xmlsec-api-4.1.1.jar;C:\Users\Amit Mahajan\.m2\repository\org\apache\santuario\xmlsec\2.1.6\xmlsec-2.1.6.jar;C:\Users\Amit Mahajan\.m2\repository\com\fasterxml\woodstox\woodstox-core\5.0.3\woodstox-core-5.0.3.jar;C:\Users\Amit Mahajan\.m2\repository\org\codehaus\woodstox\stax2-api\3.1.4\stax2-api-3.1.4.jar;C:\Users\Amit Mahajan\.m2\repository\org\glassfish\jaxb\jaxb-runtime\4.0.3\jaxb-runtime-4.0.3.jar;C:\Users\Amit Mahajan\.m2\repository\org\glassfish\jaxb\jaxb-core\4.0.3\jaxb-core-4.0.3.jar;C:\Users\Amit Mahajan\.m2\repository\org\eclipse\angus\angus-activation\2.0.1\angus-activation-2.0.1.jar;C:\Users\Amit Mahajan\.m2\repository\org\glassfish\jaxb\txw2\4.0.3\txw2-4.0.3.jar;C:\Users\Amit Mahajan\.m2\repository\com\sun\istack\istack-commons-runtime\4.1.2\istack-commons-runtime-4.1.2.jar;C:\Users\Amit Mahajan\.m2\repository\org\opensaml\opensaml-saml-impl\4.1.1\opensaml-saml-impl-4.1.1.jar;C:\Users\Amit Mahajan\.m2\repository\org\opensaml\opensaml-security-impl\4.1.1\opensaml-security-impl-4.1.1.jar;C:\Users\Amit Mahajan\.m2\repository\org\opensaml\opensaml-soap-impl\4.1.1\opensaml-soap-impl-4.1.1.jar;C:\Users\Amit Mahajan\.m2\repository\org\opensaml\opensaml-storage-api\4.1.1\opensaml-storage-api-4.1.1.jar;C:\Users\Amit Mahajan\.m2\repository\org\opensaml\opensaml-xmlsec-impl\4.1.1\opensaml-xmlsec-impl-4.1.1.jar;C:\Users\Amit Mahajan\.m2\repository\org\apache\velocity\velocity-engine-core\2.3\velocity-engine-core-2.3.jar;C:\Users\Amit Mahajan\.m2\repository\org\apache\commons\commons-lang3\3.12.0\commons-lang3-3.12.0.jar;C:\Users\Amit Mahajan\.m2\repository\org\apache\httpcomponents\httpclient\4.5.13\httpclient-4.5.13.jar;C:\Users\Amit Mahajan\.m2\repository\org\apache\httpcomponents\httpcore\4.4.16\httpcore-4.4.16.jar;C:\Users\Amit Mahajan\.m2\repository\org\springframework\boot\spring-boot-starter-test\3.1.5\spring-boot-starter-test-3.1.5.jar;C:\Users\Amit Mahajan\.m2\repository\org\springframework\boot\spring-boot-test\3.1.5\spring-boot-test-3.1.5.jar;C:\Users\Amit Mahajan\.m2\repository\org\springframework\boot\spring-boot-test-autoconfigure\3.1.5\spring-boot-test-autoconfigure-3.1.5.jar;C:\Users\Amit Mahajan\.m2\repository\com\jayway\jsonpath\json-path\2.8.0\json-path-2.8.0.jar;C:\Users\Amit Mahajan\.m2\repository\jakarta\xml\bind\jakarta.xml.bind-api\4.0.1\jakarta.xml.bind-api-4.0.1.jar;C:\Users\Amit Mahajan\.m2\repository\jakarta\activation\jakarta.activation-api\2.1.2\jakarta.activation-api-2.1.2.jar;C:\Users\Amit Mahajan\.m2\repository\net\minidev\json-smart\2.4.11\json-smart-2.4.11.jar;C:\Users\Amit Mahajan\.m2\repository\net\minidev\accessors-smart\2.4.11\accessors-smart-2.4.11.jar;C:\Users\Amit Mahajan\.m2\repository\org\ow2\asm\asm\9.3\asm-9.3.jar;C:\Users\Amit Mahajan\.m2\repository\org\assertj\assertj-core\3.24.2\assertj-core-3.24.2.jar;C:\Users\Amit Mahajan\.m2\repository\net\bytebuddy\byte-buddy\1.14.9\byte-buddy-1.14.9.jar;C:\Users\Amit Mahajan\.m2\repository\org\hamcrest\hamcrest\2.2\hamcrest-2.2.jar;C:\Users\Amit Mahajan\.m2\repository\org\junit\jupiter\junit-jupiter\5.9.3\junit-jupiter-5.9.3.jar;C:\Users\Amit Mahajan\.m2\repository\org\junit\jupiter\junit-jupiter-api\5.9.3\junit-jupiter-api-5.9.3.jar;C:\Users\Amit Mahajan\.m2\repository\org\opentest4j\opentest4j\1.2.0\opentest4j-1.2.0.jar;C:\Users\Amit Mahajan\.m2\repository\org\junit\platform\junit-platform-commons\1.9.3\junit-platform-commons-1.9.3.jar;C:\Users\Amit Mahajan\.m2\repository\org\apiguardian\apiguardian-api\1.1.2\apiguardian-api-1.1.2.jar;C:\Users\Amit Mahajan\.m2\repository\org\junit\jupiter\junit-jupiter-params\5.9.3\junit-jupiter-params-5.9.3.jar;C:\Users\Amit Mahajan\.m2\repository\org\junit\jupiter\junit-jupiter-engine\5.9.3\junit-jupiter-engine-5.9.3.jar;C:\Users\Amit Mahajan\.m2\repository\org\junit\platform\junit-platform-engine\1.9.3\junit-platform-engine-1.9.3.jar;C:\Users\Amit Mahajan\.m2\repository\org\mockito\mockito-core\5.3.1\mockito-core-5.3.1.jar;C:\Users\Amit Mahajan\.m2\repository\net\bytebuddy\byte-buddy-agent\1.14.9\byte-buddy-agent-1.14.9.jar;C:\Users\Amit Mahajan\.m2\repository\org\objenesis\objenesis\3.3\objenesis-3.3.jar;C:\Users\Amit Mahajan\.m2\repository\org\mockito\mockito-junit-jupiter\5.3.1\mockito-junit-jupiter-5.3.1.jar;C:\Users\Amit Mahajan\.m2\repository\org\skyscreamer\jsonassert\1.5.1\jsonassert-1.5.1.jar;C:\Users\Amit Mahajan\.m2\repository\com\vaadin\external\google\android-json\0.0.20131108.vaadin1\android-json-0.0.20131108.vaadin1.jar;C:\Users\Amit Mahajan\.m2\repository\org\springframework\spring-core\6.0.13\spring-core-6.0.13.jar;C:\Users\Amit Mahajan\.m2\repository\org\springframework\spring-jcl\6.0.13\spring-jcl-6.0.13.jar;C:\Users\Amit Mahajan\.m2\repository\org\springframework\spring-test\6.0.13\spring-test-6.0.13.jar;C:\Users\Amit Mahajan\.m2\repository\org\xmlunit\xmlunit-core\2.9.1\xmlunit-core-2.9.1.jar;C:\Users\Amit Mahajan\.m2\repository\org\springframework\security\spring-security-test\6.1.5\spring-security-test-6.1.5.jar;C:\Users\Amit Mahajan\.m2\repository\org\springframework\security\spring-security-core\6.1.5\spring-security-core-6.1.5.jar;C:\Users\Amit Mahajan\.m2\repository\org\springframework\security\spring-security-crypto\6.1.5\spring-security-crypto-6.1.5.jar;"/>
    <property name="sun.cpu.endian" value="little"/>
    <property name="user.home" value="C:\Users\Amit Mahajan"/>
    <property name="user.language" value="en"/>
    <property name="java.specification.vendor" value="Oracle Corporation"/>
    <property name="java.version.date" value="2023-04-18"/>
    <property name="java.home" value="D:\work\java\jdk17"/>
    <property name="file.separator" value="\"/>
    <property name="basedir" value="D:\work\security-projects-okta"/>
    <property name="java.vm.compressedOopsMode" value="Zero based"/>
    <property name="line.separator" value="&#10;"/>
    <property name="java.vm.specification.vendor" value="Oracle Corporation"/>
    <property name="java.specification.name" value="Java Platform API Specification"/>
    <property name="FILE_LOG_CHARSET" value="windows-1252"/>
    <property name="java.awt.headless" value="true"/>
    <property name="surefire.real.class.path" value="C:\Users\Amit Mahajan\AppData\Local\Temp\surefire8020712372431737517\surefirebooter-20240220110823052_3.jar"/>
    <property name="org.apache.xml.security.ignoreLineBreaks" value="true"/>
    <property name="user.script" value=""/>
    <property name="sun.management.compiler" value="HotSpot 64-Bit Tiered Compilers"/>
    <property name="java.runtime.version" value="17.0.7+8-LTS-224"/>
    <property name="user.name" value="Amit Mahajan"/>
    <property name="path.separator" value=";"/>
    <property name="os.version" value="10.0"/>
    <property name="java.runtime.name" value="Java(TM) SE Runtime Environment"/>
    <property name="file.encoding" value="Cp1252"/>
    <property name="java.vm.name" value="Java HotSpot(TM) 64-Bit Server VM"/>
    <property name="localRepository" value="C:\Users\Amit Mahajan\.m2\repository"/>
    <property name="java.vendor.url.bug" value="https://bugreport.java.com/bugreport/"/>
    <property name="java.io.tmpdir" value="C:\Users\AMITMA~1\AppData\Local\Temp\"/>
    <property name="idea.version" value="2023.1.4"/>
    <property name="java.version" value="17.0.7"/>
    <property name="user.dir" value="D:\work\security-projects-okta"/>
    <property name="os.arch" value="amd64"/>
    <property name="java.vm.specification.name" value="Java Virtual Machine Specification"/>
    <property name="PID" value="16632"/>
    <property name="sun.os.patch.level" value=""/>
    <property name="CONSOLE_LOG_CHARSET" value="windows-1252"/>
    <property name="native.encoding" value="Cp1252"/>
    <property name="java.library.path" value="D:\work\java\jdk17\bin;C:\WINDOWS\Sun\Java\bin;C:\WINDOWS\system32;C:\WINDOWS;C:\Program Files\Java\jdk-1.8\bin;C:\Program Files\Common Files\Oracle\Java\javapath;C:\Program Files (x86)\Common Files\Oracle\Java\javapath;C:\Windows\system32;C:\Windows;C:\Windows\System32\Wbem;C:\Windows\System32\WindowsPowerShell\v1.0\;C:\Windows\System32\OpenSSH\;C:\Program Files (x86)\NVIDIA Corporation\PhysX\Common;C:\Program Files\NVIDIA Corporation\NVIDIA NvDLISR;D:\work\Git\cmd;D:\work\setups\nodejs\;C:\WINDOWS\system32;C:\WINDOWS;C:\WINDOWS\System32\Wbem;C:\WINDOWS\System32\WindowsPowerShell\v1.0\;C:\WINDOWS\System32\OpenSSH\;C:\Program Files\Docker\Docker\resources\bin;%JAVAA_HOME%\bin;D:\work\apache-maven-3.9.1\bin;C:\Users\Amit Mahajan\AppData\Local\Microsoft\WindowsApps;D:\work\Microsoft VS Code\bin;C:\Users\Amit Mahajan\AppData\Local\GitHubDesktop\bin;C:\Users\Amit Mahajan\AppData\Roaming\npm;%IntelliJ IDEA Com\munity Edition%;D:\work\saml-tool\okta;D:\work\gradle-8.2.1\bin;."/>
    <property name="java.vm.info" value="mixed mode, sharing"/>
    <property name="java.vendor" value="Oracle Corporation"/>
    <property name="java.vm.version" value="17.0.7+8-LTS-224"/>
    <property name="sun.io.unicode.encoding" value="UnicodeLittle"/>
    <property name="java.class.version" value="61.0"/>
  </properties>
  <testcase name="contextLoads" classname="com.sc.crmate.samlauth.SamlauthApplicationTest" time="0.711">
    <system-out><![CDATA[11:08:23.828 [main] INFO org.springframework.test.context.support.AnnotationConfigContextLoaderUtils -- Could not detect default configuration classes for test class [com.sc.crmate.samlauth.SamlauthApplicationTest]: SamlauthApplicationTest does not declare any static, non-private, non-final, nested classes annotated with @Configuration.
11:08:23.938 [main] INFO org.springframework.boot.test.context.SpringBootTestContextBootstrapper -- Found @SpringBootConfiguration com.sc.crmate.samlauth.SamlauthApplication for test class com.sc.crmate.samlauth.SamlauthApplicationTest

  .   ____          _            __ _ _
 /\\ / ___'_ __ _ _(_)_ __  __ _ \ \ \ \
( ( )\___ | '_ | '_| | '_ \/ _` | \ \ \ \
 \\/  ___)| |_)| | | | | || (_| |  ) ) ) )
  '  |____| .__|_| |_|_| |_\__, | / / / /
 =========|_|==============|___/=/_/_/_/
 :: Spring Boot ::                (v3.1.5)

2024-02-20T11:08:24.424+05:30  INFO 16632 --- [           main] c.s.c.samlauth.SamlauthApplicationTest   : Starting SamlauthApplicationTest using Java 17.0.7 with PID 16632 (started by Amit Mahajan in D:\work\security-projects-okta)
2024-02-20T11:08:24.426+05:30  INFO 16632 --- [           main] c.s.c.samlauth.SamlauthApplicationTest   : No active profile set, falling back to 1 default profile: "default"
2024-02-20T11:08:25.375+05:30 TRACE 16632 --- [           main] eGlobalAuthenticationAutowiredConfigurer : Eagerly initializing {securityConfiguration=com.sc.crmate.samlauth.SecurityConfiguration$$SpringCGLIB$$0@367f0121}
2024-02-20T11:08:25.379+05:30 DEBUG 16632 --- [           main] swordEncoderAuthenticationManagerBuilder : No authenticationProviders and no parentAuthenticationManager defined. Returning null.
2024-02-20T11:08:25.480+05:30 TRACE 16632 --- [           main] o.s.s.s.c.OpenSamlInitializationService  : Initializing OpenSAML
2024-02-20T11:08:25.481+05:30  INFO 16632 --- [           main] o.o.core.config.InitializationService    : Initializing OpenSAML using the Java Services API
2024-02-20T11:08:26.290+05:30  INFO 16632 --- [           main] o.o.xmlsec.algorithm.AlgorithmRegistry   : Algorithm failed runtime support check, will not be usable: http://www.w3.org/2001/04/xmlenc#ripemd160
2024-02-20T11:08:26.296+05:30  INFO 16632 --- [           main] o.o.xmlsec.algorithm.AlgorithmRegistry   : Algorithm failed runtime support check, will not be usable: http://www.w3.org/2001/04/xmldsig-more#hmac-ripemd160
2024-02-20T11:08:26.309+05:30  INFO 16632 --- [           main] o.o.xmlsec.algorithm.AlgorithmRegistry   : Algorithm failed runtime support check, will not be usable: http://www.w3.org/2001/04/xmldsig-more#rsa-ripemd160
2024-02-20T11:08:26.941+05:30 DEBUG 16632 --- [           main] o.s.s.s.c.OpenSamlInitializationService  : Initialized OpenSAML
2024-02-20T11:08:28.364+05:30 DEBUG 16632 --- [           main] o.s.s.s.c.OpenSamlInitializationService  : Refused to re-initialize OpenSAML
2024-02-20T11:08:28.406+05:30 DEBUG 16632 --- [           main] o.s.s.s.c.OpenSamlInitializationService  : Refused to re-initialize OpenSAML
2024-02-20T11:08:28.416+05:30 DEBUG 16632 --- [           main] o.s.s.s.c.OpenSamlInitializationService  : Refused to re-initialize OpenSAML
2024-02-20T11:08:28.430+05:30 DEBUG 16632 --- [           main] o.s.s.s.c.OpenSamlInitializationService  : Refused to re-initialize OpenSAML
2024-02-20T11:08:28.434+05:30 DEBUG 16632 --- [           main] o.s.s.s.c.OpenSamlInitializationService  : Refused to re-initialize OpenSAML
2024-02-20T11:08:28.436+05:30 DEBUG 16632 --- [           main] o.s.s.s.c.OpenSamlInitializationService  : Refused to re-initialize OpenSAML
2024-02-20T11:08:28.437+05:30 DEBUG 16632 --- [           main] o.s.s.s.c.OpenSamlInitializationService  : Refused to re-initialize OpenSAML
2024-02-20T11:08:28.440+05:30 DEBUG 16632 --- [           main] o.s.s.s.c.OpenSamlInitializationService  : Refused to re-initialize OpenSAML
2024-02-20T11:08:28.443+05:30 DEBUG 16632 --- [           main] o.s.s.s.c.OpenSamlInitializationService  : Refused to re-initialize OpenSAML
2024-02-20T11:08:28.445+05:30  INFO 16632 --- [           main] o.s.s.web.DefaultSecurityFilterChain     : Will secure any request with [org.springframework.security.web.session.DisableEncodeUrlFilter@5cd71ee2, org.springframework.security.web.context.request.async.WebAsyncManagerIntegrationFilter@3dad535f, org.springframework.security.web.context.SecurityContextHolderFilter@45849604, org.springframework.security.web.header.HeaderWriterFilter@653e7b, org.springframework.security.saml2.provider.service.web.authentication.logout.Saml2LogoutRequestFilter@3eb0fd88, org.springframework.security.saml2.provider.service.web.authentication.logout.Saml2LogoutResponseFilter@4cadd4d4, org.springframework.security.web.authentication.logout.LogoutFilter@41f40dfa, org.springframework.security.web.authentication.logout.LogoutFilter@2cacb445, org.springframework.security.saml2.provider.service.web.Saml2WebSsoAuthenticationRequestFilter@3cf06a01, org.springframework.security.saml2.provider.service.web.Saml2MetadataFilter@5f67181f, org.springframework.security.saml2.provider.service.web.authentication.Saml2WebSsoAuthenticationFilter@87220f1, org.springframework.security.web.authentication.ui.DefaultLoginPageGeneratingFilter@31fe0ce5, org.springframework.security.web.authentication.ui.DefaultLogoutPageGeneratingFilter@1169fdfd, org.springframework.security.web.savedrequest.RequestCacheAwareFilter@25823192, org.springframework.security.web.servletapi.SecurityContextHolderAwareRequestFilter@5be69f7e, org.springframework.security.web.authentication.AnonymousAuthenticationFilter@75add13c, org.springframework.security.web.access.ExceptionTranslationFilter@78fb72cb, org.springframework.security.web.access.intercept.AuthorizationFilter@30133a11]
2024-02-20T11:08:28.676+05:30  INFO 16632 --- [           main] o.s.b.a.w.s.WelcomePageHandlerMapping    : Adding welcome page template: index
2024-02-20T11:08:28.856+05:30  INFO 16632 --- [           main] c.s.c.samlauth.SamlauthApplicationTest   : Started SamlauthApplicationTest in 4.747 seconds (process running for 5.645)
]]></system-out>
  </testcase>
</testsuite>